Anorith
Carvanha
Nuzleaf
Stunky
Deino
Mr. Mime
Primarina
Tapu Bulu
Marshtomp
Nidoqueen
Malamar
Medicham
Lopunny
Loudred
Octillery
Vaporeon
Vigoroth
Volbeat
Zangoose
Zigzagoon
Pikachu
Meganium
Meganium
Pikachu
Zigzagoon
Zangoose
Volbeat
Vigoroth
Vaporeon
Octillery
154;2;Meganium;Herb Pokemon;grass;;100.5;1.8;45;0;24/01/1999;Overgrow;Leaf Guard
25;1;Pikachu;Mouse Pokemon;electric;;6;0.4;190;0;12/09/1996;Static;Lightningrod
Zigzagoon
Zangoose
Volbeat
288;3;Vigoroth;Wild Monkey Pokemon;normal;;46.5;1.4;120;0;07/08/2002;Vital Spirit
134;1;Vaporeon;Bubble Jet Pokemon;water;;29;1;45;0;14/01/1996;Water Absorb;Hydration
224;2;Octillery;Jet Pokemon;water;;28.5;0.9;75;0;05/11/1999;Suction Cups;Sniper;Moody
